PLINK v1.90b6.27 64-bit (10 Dec 2022)
Options in effect:
  --bfile data_snpqc
  --make-bed
  --out data_snpqc_sex
  --update-sex sex_info.txt

Hostname: DESKTOP-3GO7G9K
Working directory: /mnt/c/Users/WOOO_SEOK/Desktop/snp/dataset
Start time: Wed Apr 26 20:25:00 2023

Random number seed: 1682508300
12300 MB RAM detected; reserving 6150 MB for main workspace.
623268 variants loaded from .bim file.
100 people (0 males, 0 females, 100 ambiguous) loaded from .fam.
Ambiguous sex IDs written to data_snpqc_sex.nosex .
--update-sex: 100 people updated.
Using 1 thread (no multithreaded calculations invoked).
Before main variant filters, 100 founders and 0 nonfounders present.
Calculating allele frequencies... done.
Total genotyping rate is 0.997263.
623268 variants and 100 people pass filters and QC.
Note: No phenotypes present.
--make-bed to data_snpqc_sex.bed + data_snpqc_sex.bim + data_snpqc_sex.fam ...
done.

End time: Wed Apr 26 20:25:02 2023
